<html>
<body>
<pre>
<h1>µVision Build Log</h1>
<h2>Project:</h2>
C:\Users\91701\OneDrive\Desktop\4th Sem\Lab\ES LAB\LAB 2\LAB 2.uvproj
Project File Date:  02/16/2024

<h2>Output:</h2>
Build target 'Target 1'
assembling Q1.s...
Q1.s(26): warning: A1581W: Added 2 bytes of padding at address 0x1e
linking...
.\LAB 2.axf: Warning: L6320W: Ignoring --first command. Cannot find argument '__Vectors'.
Program Size: Code=44 RO-data=0 RW-data=4 ZI-data=0  
Finished: 0 information, 1 warning and 0 error messages.
".\LAB 2.axf" - 0 Error(s), 2 Warning(s).
</pre>
</body>
</html>
rror: A1186E: Code generated in data area
Q1.s(20): error: A1186E: Code generated in data area
Q1.s(21): error: A1186E: Code generated in data area
Q1.s(22): error: A1186E: Code generated in data area
Q1.s(23): error: A1163E: Unknown opcode STRR2,[R5] , expecting opcode or Macro
Q1.s(25): error: A1186E: Code generated in data area
".\LAB 2.axf" - 12 Error(s), 0 Warning(s).
Target not created
